<?xml version="1.0" encoding="UTF-8"?>
<!-- Generated by org.testng.reporters.JUnitReportReporter -->
<testsuite hostname="Testing-67" name="test.test.testgit" tests="1" failures="0" timestamp="14 Jun 2017 07:28:19 GMT" time="10.925" errors="0">
  <testcase name="test" time="10.925" classname="test.test.testgit"/>
</testsuite> <!-- test.test.testgit -->
